connect.multipart() will be removed in connect 3.0
visit https://github.com/senchalabs/connect/wiki/Connect-3.0 for alternatives
connect.limit() will be removed in connect 3.0
Express server listening on port 9876
[90mGET / [36m304 [90m22ms[0m
[90mGET /stylesheets/bootstrap.min.css [36m304 [90m3ms[0m
[90mGET /stylesheets/styles.css [36m304 [90m1ms[0m
[90mGET /javascripts/jquery.js [36m304 [90m1ms[0m
[90mGET /javascripts/bootstrap.min.js [36m304 [90m0ms[0m
[90mGET / [36m304 [90m1ms[0m
[90mGET /stylesheets/bootstrap.min.css [36m304 [90m2ms[0m
[90mGET /stylesheets/styles.css [36m304 [90m0ms[0m
[90mGET /javascripts/bootstrap.min.js [36m304 [90m0ms[0m
[90mGET /javascripts/jquery.js [36m304 [90m0ms[0m
[90mGET / [32m200 [90m1ms - 2.54kb[0m
[90mGET /stylesheets/styles.css [32m200 [90m4ms - 545b[0m
[90mGET /stylesheets/bootstrap.min.css [32m200 [90m5ms - 97.21kb[0m
[90mGET /javascripts/bootstrap.min.js [32m200 [90m2ms - 27.17kb[0m
[90mGET /javascripts/jquery.js [32m200 [90m1ms - 81.84kb[0m
[90mGET /apple-touch-icon-precomposed.png [33m404 [90m1ms[0m
[90mGET /apple-touch-icon.png [33m404 [90m1ms[0m
[90mGET / [36m304 [90m1ms[0m
[90mGET /stylesheets/bootstrap.min.css [36m304 [90m1ms[0m
[90mGET /javascripts/bootstrap.min.js [36m304 [90m1ms[0m
[90mGET /stylesheets/styles.css [36m304 [90m2ms[0m
[90mGET /javascripts/jquery.js [36m304 [90m1ms[0m
[90mGET / [36m304 [90m3ms[0m
[90mGET /stylesheets/bootstrap.min.css [36m304 [90m0ms[0m
[90mGET /javascripts/jquery.js [36m304 [90m1ms[0m
[90mGET /stylesheets/styles.css [36m304 [90m0ms[0m
[90mGET /javascripts/bootstrap.min.js [36m304 [90m1ms[0m
[90mGET /apple-touch-icon-precomposed.png [33m404 [90m0ms[0m
[90mGET /apple-touch-icon.png [33m404 [90m0ms[0m
